<?xml version="1.0" encoding="UTF-8" standalone="yes"?>
<testsuite name="testing/ios-ui-test-quarantine-15-navigationtest" tests="20" failures="1" skipped="0" timestamp="2022-03-03T08:06:34.852Z" time="78.908" package="com.saucelabs.mydemoapp.ios">
    <testcase name="testNavigateFromCartToCatalog" classname="My_Demo_AppUITests.NavigationTest" time="3.521"/>
    <testcase name="testProductDetailsColorsSwitch" classname="My_Demo_AppUITests.ProductDetailsTest" time="3.142"/>
    <testcase name="testProductListingPageAddItemToCart" classname="My_Demo_AppUITests.ProductListingPageTest" time="4.354"/>
    <testcase name="testProductDetailsDecreaseNumberOfItems" classname="My_Demo_AppUITests.ProductDetailsTest" time="3.115"/>
    <testcase name="testNavigateMoreToDrawing" classname="My_Demo_AppUITests.NavigationTest" time="4.175"/>
    <testcase name="testNavigateCartToCatalog" classname="My_Demo_AppUITests.NavigationTest" time="4.247"/>
    <testcase name="testProductDetails" classname="My_Demo_AppUITests.ProductDetailsTest" time="2.485">
        <failure>file: /Users/runner/work/my-demo-app-ios/my-demo-app-ios/My Demo AppUITests/Tests/ProductDetailsTest.swift
line: 8
error: XCTAssertTrue failed</failure>
    </testcase>
    <testcase name="testProductDetailsDefaultColor" classname="My_Demo_AppUITests.ProductDetailsTest" time="2.515"/>
    <testcase name="testNavigateMoreToGeoLocation" classname="My_Demo_AppUITests.NavigationTest" time="4.18"/>
    <testcase name="testProductDetailsAddToCart" classname="My_Demo_AppUITests.ProductDetailsTest" time="3.308"/>
    <testcase name="testProductListingPageAddMultipleItemsToCart" classname="My_Demo_AppUITests.ProductListingPageTest" time="7.523"/>
    <testcase name="testProductDetailsPrice" classname="My_Demo_AppUITests.ProductDetailsTest" time="2.481"/>
    <testcase name="testNavigateMoreToQRCode" classname="My_Demo_AppUITests.NavigationTest" time="5.157"/>
    <testcase name="testNavigateToMore" classname="My_Demo_AppUITests.NavigationTest" time="2.691"/>
    <testcase name="testNavigateMoreToWebview" classname="My_Demo_AppUITests.NavigationTest" time="4.164"/>
    <testcase name="testProductDetailsHighlights" classname="My_Demo_AppUITests.ProductDetailsTest" time="2.464"/>
    <testcase name="testProductDetailsIncreaseNumberOfItems" classname="My_Demo_AppUITests.ProductDetailsTest" time="3.327"/>
    <testcase name="testNavigateToCart" classname="My_Demo_AppUITests.NavigationTest" time="2.473"/>
    <testcase name="testNavigateMoreToAbout" classname="My_Demo_AppUITests.NavigationTest" time="4.197"/>
    <testcase name="testProductDetailsRatesSelection" classname="My_Demo_AppUITests.ProductDetailsTest" time="3.16"/>
</testsuite>
