<?xml version="1.0" encoding="UTF-8" standalone="yes"?>
<testsuite name="testing/ios-ui-test-quarantine-15-productlistingpagetest" tests="0" failures="0" skipped="0" timestamp="2022-03-03T07:31:16.812Z" time="188.741" package="com.saucelabs.mydemoapp.ios"/>
