<?xml version="1.0" encoding="UTF-8" standalone="yes"?>
<testsuite name="testing/ios-ui-test-quarantine-15-shard 1" tests="0" failures="0" skipped="0" timestamp="2022-03-03T07:24:39.580Z" time="12.175" package="com.saucelabs.mydemoapp.ios"/>
