<?xml version="1.0" encoding="UTF-8" standalone="yes"?>
<testsuite name="testing/ios-ui-test-quarantine-15-navigationtest" tests="0" failures="0" skipped="0" timestamp="2022-03-03T07:30:45.959Z" time="0.0" package="unknown"/>
