<?xml version="1.0" encoding="UTF-8" standalone="yes"?>
<testsuite name="testing/ios-ui-test-quarantine-15-navigationtest" tests="0" failures="0" skipped="0" timestamp="2022-03-03T08:23:09.374Z" time="252.168" package="com.saucelabs.mydemoapp.ios"/>
