<?xml version="1.0" encoding="UTF-8" standalone="yes"?>
<testsuite name="testing/ios-ui-test-quarantine-15-navigationtest" tests="0" failures="0" skipped="0" timestamp="2022-03-03T08:18:42.428Z" time="66.557" package="com.saucelabs.mydemoapp.ios"/>
