<?xml version="1.0" encoding="UTF-8" standalone="yes"?>
<testsuite name="testing/ios-ui-test-quarantine-15-navigationtest" tests="20" failures="0" skipped="0" timestamp="2022-03-03T08:00:48.298Z" time="80.963" package="com.saucelabs.mydemoapp.ios">
    <testcase name="testNavigateFromCartToCatalog" classname="My_Demo_AppUITests.NavigationTest" time="3.457"/>
    <testcase name="testProductDetailsColorsSwitch" classname="My_Demo_AppUITests.ProductDetailsTest" time="3.122"/>
    <testcase name="testProductListingPageAddItemToCart" classname="My_Demo_AppUITests.ProductListingPageTest" time="4.383"/>
    <testcase name="testProductDetailsDecreaseNumberOfItems" classname="My_Demo_AppUITests.ProductDetailsTest" time="3.113"/>
    <testcase name="testNavigateMoreToDrawing" classname="My_Demo_AppUITests.NavigationTest" time="4.166"/>
    <testcase name="testNavigateCartToCatalog" classname="My_Demo_AppUITests.NavigationTest" time="4.282"/>
    <testcase name="testProductDetails" classname="My_Demo_AppUITests.ProductDetailsTest" time="2.431"/>
    <testcase name="testProductDetailsDefaultColor" classname="My_Demo_AppUITests.ProductDetailsTest" time="2.525"/>
    <testcase name="testNavigateMoreToGeoLocation" classname="My_Demo_AppUITests.NavigationTest" time="4.17"/>
    <testcase name="testProductDetailsAddToCart" classname="My_Demo_AppUITests.ProductDetailsTest" time="3.332"/>
    <testcase name="testProductListingPageAddMultipleItemsToCart" classname="My_Demo_AppUITests.ProductListingPageTest" time="7.528"/>
    <testcase name="testProductDetailsPrice" classname="My_Demo_AppUITests.ProductDetailsTest" time="2.46"/>
    <testcase name="testNavigateMoreToQRCode" classname="My_Demo_AppUITests.NavigationTest" time="5.157"/>
    <testcase name="testNavigateToMore" classname="My_Demo_AppUITests.NavigationTest" time="2.561"/>
    <testcase name="testNavigateMoreToWebview" classname="My_Demo_AppUITests.NavigationTest" time="4.201"/>
    <testcase name="testProductDetailsHighlights" classname="My_Demo_AppUITests.ProductDetailsTest" time="2.465"/>
    <testcase name="testProductDetailsIncreaseNumberOfItems" classname="My_Demo_AppUITests.ProductDetailsTest" time="3.292"/>
    <testcase name="testNavigateToCart" classname="My_Demo_AppUITests.NavigationTest" time="2.437"/>
    <testcase name="testNavigateMoreToAbout" classname="My_Demo_AppUITests.NavigationTest" time="4.157"/>
    <testcase name="testProductDetailsRatesSelection" classname="My_Demo_AppUITests.ProductDetailsTest" time="3.086"/>
</testsuite>
